[debug] [2024-09-19T17:43:36.089Z] ----------------------------------------------------------------------
[debug] [2024-09-19T17:43:36.094Z] Command:       C:\Program Files\nodejs\node.exe C:\Users\azmathulla.shaik\AppData\Roaming\npm\node_modules\firebase-tools\lib\bin\firebase.js init
[debug] [2024-09-19T17:43:36.095Z] CLI Version:   13.17.0
[debug] [2024-09-19T17:43:36.095Z] Platform:      win32
[debug] [2024-09-19T17:43:36.095Z] Node Version:  v22.5.1
[debug] [2024-09-19T17:43:36.095Z] Time:          Thu Sep 19 2024 23:13:36 GMT+0530 (India Standard Time)
[debug] [2024-09-19T17:43:36.096Z] ----------------------------------------------------------------------
[debug] 
[debug] [2024-09-19T17:43:36.102Z] >>> [apiv2][query] GET https://firebase-public.firebaseio.com/cli.json [none]
[debug] [2024-09-19T17:43:36.203Z] > command requires scopes: ["email","openid","https://www.googleapis.com/auth/cloudplatformprojects.readonly","https://www.googleapis.com/auth/firebase","https://www.googleapis.com/auth/cloud-platform"]
[debug] [2024-09-19T17:43:36.204Z] > authorizing via signed-in user (coffecups786@gmail.com)
[info] 
     ######## #### ########  ######## ########     ###     ######  ########
     ##        ##  ##     ## ##       ##     ##  ##   ##  ##       ##
     ######    ##  ########  ######   ########  #########  ######  ######
     ##        ##  ##    ##  ##       ##     ## ##     ##       ## ##
     ##       #### ##     ## ######## ########  ##     ##  ######  ########

You're about to initialize a Firebase project in this directory:

  C:\Users\azmathulla.shaik\Desktop\Firebase\firebase_crud\frontend

[debug] [2024-09-19T17:43:40.027Z] *** [apiv2] error from fetch(https://firebase-public.firebaseio.com/cli.json, {"headers":{},"method":"GET"}): FetchError: request to https://firebase-public.firebaseio.com/cli.json failed, reason: unable to get local issuer certificate
[warn] !  Unable to fetch the CLI MOTD and remote config. This is not a fatal error, but may indicate an issue with your network connection. 
[debug] [2024-09-19T17:43:40.028Z] Failed to fetch MOTD FirebaseError: Failed to make request to https://firebase-public.firebaseio.com/cli.json
[info] 
=== Account Setup
[info] 
[info] Which account do you want to use for this project? Choose an account or add a new one now
[info] 
[debug] [2024-09-19T17:43:57.128Z] setProjectAccount(C:\Users\azmathulla.shaik\Desktop\Firebase\firebase_crud\frontend, projectpilots3@gmail.com)
[info] 
[info] +  Using account: projectpilots3@gmail.com 
[info] 
=== Project Setup
[info] 
[info] First, let's associate this project directory with a Firebase project.
[info] You can create multiple project aliases by running firebase use --add, 
[info] but for now we'll just set up a default project.
[info] 
[debug] [2024-09-19T17:44:08.963Z] > refreshing access token with scopes: []
[debug] [2024-09-19T17:44:08.965Z] >>> [apiv2][query] POST https://www.googleapis.com/oauth2/v3/token [none]
[debug] [2024-09-19T17:44:08.965Z] >>> [apiv2][body] POST https://www.googleapis.com/oauth2/v3/token [omitted]
[debug] [2024-09-19T17:44:09.228Z] *** [apiv2] error from fetch(https://www.googleapis.com/oauth2/v3/token, {"headers":{},"method":"POST","body":{"_overheadLength":545,"_valueLength":212,"_valuesToMeasure":[],"writable":false,"readable":true,"dataSize":0,"maxDataSize":2097152,"pauseStreams":true,"_released":true,"_streams":[],"_currentStream":null,"_insideLoop":false,"_pendingNext":false,"_boundary":"--------------------------314432535873538403263159","_events":{},"_eventsCount":1}}): FetchError: request to https://www.googleapis.com/oauth2/v3/token failed, reason: unable to get local issuer certificate
[debug] [2024-09-19T17:44:09.229Z] Authentication Error: Your credentials are no longer valid. Please run firebase login --reauth

For CI servers and headless environments, generate a new token with firebase login:ci
[debug] [2024-09-19T17:44:09.484Z] FirebaseError: Authentication Error: Your credentials are no longer valid. Please run firebase login --reauth

For CI servers and headless environments, generate a new token with firebase login:ci
    at invalidCredentialError (C:\Users\azmathulla.shaik\AppData\Roaming\npm\node_modules\firebase-tools\lib\auth.js:140:12)
    at refreshTokens (C:\Users\azmathulla.shaik\AppData\Roaming\npm\node_modules\firebase-tools\lib\auth.js:514:15)
    at process.processTicksAndRejections (node:internal/process/task_queues:95:5)
    at async getAccessToken (C:\Users\azmathulla.shaik\AppData\Roaming\npm\node_modules\firebase-tools\lib\apiv2.js:40:18)
    at async Client.addAuthHeader (C:\Users\azmathulla.shaik\AppData\Roaming\npm\node_modules\firebase-tools\lib\apiv2.js:167:21)
    at async Client.request (C:\Users\azmathulla.shaik\AppData\Roaming\npm\node_modules\firebase-tools\lib\apiv2.js:118:34)
    at async getProjectPage (C:\Users\azmathulla.shaik\AppData\Roaming\npm\node_modules\firebase-tools\lib\management\projects.js:238:17)
    at async getAvailableCloudProjectPage (C:\Users\azmathulla.shaik\AppData\Roaming\npm\node_modules\firebase-tools\lib\management\projects.js:270:16)
    at async promptAvailableProjectId (C:\Users\azmathulla.shaik\AppData\Roaming\npm\node_modules\firebase-tools\lib\management\projects.js:142:41)
    at async promptAndAddFirebaseToCloudProject (C:\Users\azmathulla.shaik\AppData\Roaming\npm\node_modules\firebase-tools\lib\init\features\project.js:37:23)
[error] 
[error] Error: Failed to list available Google Cloud Platform projects. See firebase-debug.log for more info.
[debug] [2024-09-19T17:44:41.771Z] ----------------------------------------------------------------------
[debug] [2024-09-19T17:44:41.779Z] Command:       C:\Program Files\nodejs\node.exe C:\Users\azmathulla.shaik\AppData\Roaming\npm\node_modules\firebase-tools\lib\bin\firebase.js init
[debug] [2024-09-19T17:44:41.779Z] CLI Version:   13.17.0
[debug] [2024-09-19T17:44:41.780Z] Platform:      win32
[debug] [2024-09-19T17:44:41.780Z] Node Version:  v22.5.1
[debug] [2024-09-19T17:44:41.780Z] Time:          Thu Sep 19 2024 23:14:41 GMT+0530 (India Standard Time)
[debug] [2024-09-19T17:44:41.780Z] ----------------------------------------------------------------------
[debug] 
[debug] [2024-09-19T17:44:41.789Z] >>> [apiv2][query] GET https://firebase-public.firebaseio.com/cli.json [none]
[debug] [2024-09-19T17:44:41.887Z] > command requires scopes: ["email","openid","https://www.googleapis.com/auth/cloudplatformprojects.readonly","https://www.googleapis.com/auth/firebase","https://www.googleapis.com/auth/cloud-platform"]
[debug] [2024-09-19T17:44:41.887Z] > authorizing via signed-in user (coffecups786@gmail.com)
[info] 
     ######## #### ########  ######## ########     ###     ######  ########
     ##        ##  ##     ## ##       ##     ##  ##   ##  ##       ##
     ######    ##  ########  ######   ########  #########  ######  ######
     ##        ##  ##    ##  ##       ##     ## ##     ##       ## ##
     ##       #### ##     ## ######## ########  ##     ##  ######  ########

You're about to initialize a Firebase project in this directory:

  C:\Users\azmathulla.shaik\Desktop\Firebase\firebase_crud\frontend

[debug] [2024-09-19T17:44:45.884Z] *** [apiv2] error from fetch(https://firebase-public.firebaseio.com/cli.json, {"headers":{},"method":"GET"}): FetchError: request to https://firebase-public.firebaseio.com/cli.json failed, reason: unable to get local issuer certificate
[warn] !  Unable to fetch the CLI MOTD and remote config. This is not a fatal error, but may indicate an issue with your network connection. 
[debug] [2024-09-19T17:44:45.887Z] Failed to fetch MOTD FirebaseError: Failed to make request to https://firebase-public.firebaseio.com/cli.json
[info] 
=== Account Setup
[info] 
[info] Which account do you want to use for this project? Choose an account or add a new one now
[info] 
[debug] [2024-09-19T17:44:51.973Z] setProjectAccount(C:\Users\azmathulla.shaik\Desktop\Firebase\firebase_crud\frontend, projectpilots3@gmail.com)
[info] 
[info] +  Using account: projectpilots3@gmail.com 
[info] 
=== Project Setup
[info] 
[info] First, let's associate this project directory with a Firebase project.
[info] You can create multiple project aliases by running firebase use --add, 
[info] but for now we'll just set up a default project.
[info] 
[debug] [2024-09-19T17:44:57.306Z] > refreshing access token with scopes: []
[debug] [2024-09-19T17:44:57.309Z] >>> [apiv2][query] POST https://www.googleapis.com/oauth2/v3/token [none]
[debug] [2024-09-19T17:44:57.310Z] >>> [apiv2][body] POST https://www.googleapis.com/oauth2/v3/token [omitted]
[debug] [2024-09-19T17:44:57.588Z] *** [apiv2] error from fetch(https://www.googleapis.com/oauth2/v3/token, {"headers":{},"method":"POST","body":{"_overheadLength":545,"_valueLength":212,"_valuesToMeasure":[],"writable":false,"readable":true,"dataSize":0,"maxDataSize":2097152,"pauseStreams":true,"_released":true,"_streams":[],"_currentStream":null,"_insideLoop":false,"_pendingNext":false,"_boundary":"--------------------------034773558315299407342956","_events":{},"_eventsCount":1}}): FetchError: request to https://www.googleapis.com/oauth2/v3/token failed, reason: unable to get local issuer certificate
[debug] [2024-09-19T17:44:57.589Z] Authentication Error: Your credentials are no longer valid. Please run firebase login --reauth

For CI servers and headless environments, generate a new token with firebase login:ci
[debug] [2024-09-19T17:44:57.697Z] FirebaseError: Authentication Error: Your credentials are no longer valid. Please run firebase login --reauth

For CI servers and headless environments, generate a new token with firebase login:ci
    at invalidCredentialError (C:\Users\azmathulla.shaik\AppData\Roaming\npm\node_modules\firebase-tools\lib\auth.js:140:12)
    at refreshTokens (C:\Users\azmathulla.shaik\AppData\Roaming\npm\node_modules\firebase-tools\lib\auth.js:514:15)
    at process.processTicksAndRejections (node:internal/process/task_queues:95:5)
    at async getAccessToken (C:\Users\azmathulla.shaik\AppData\Roaming\npm\node_modules\firebase-tools\lib\apiv2.js:40:18)
    at async Client.addAuthHeader (C:\Users\azmathulla.shaik\AppData\Roaming\npm\node_modules\firebase-tools\lib\apiv2.js:167:21)
    at async Client.request (C:\Users\azmathulla.shaik\AppData\Roaming\npm\node_modules\firebase-tools\lib\apiv2.js:118:34)
    at async getProjectPage (C:\Users\azmathulla.shaik\AppData\Roaming\npm\node_modules\firebase-tools\lib\management\projects.js:238:17)
    at async getFirebaseProjectPage (C:\Users\azmathulla.shaik\AppData\Roaming\npm\node_modules\firebase-tools\lib\management\projects.js:255:23)
    at async selectProjectInteractively (C:\Users\azmathulla.shaik\AppData\Roaming\npm\node_modules\firebase-tools\lib\management\projects.js:94:41)
    at async doSetup (C:\Users\azmathulla.shaik\AppData\Roaming\npm\node_modules\firebase-tools\lib\init\features\project.js:88:27)
[error] 
[error] Error: Failed to list Firebase projects. See firebase-debug.log for more info.
[debug] [2024-09-19T17:45:31.925Z] ----------------------------------------------------------------------
[debug] [2024-09-19T17:45:31.934Z] Command:       C:\Program Files\nodejs\node.exe C:\Users\azmathulla.shaik\AppData\Roaming\npm\node_modules\firebase-tools\lib\bin\firebase.js init
[debug] [2024-09-19T17:45:31.936Z] CLI Version:   13.17.0
[debug] [2024-09-19T17:45:31.936Z] Platform:      win32
[debug] [2024-09-19T17:45:31.936Z] Node Version:  v22.5.1
[debug] [2024-09-19T17:45:31.937Z] Time:          Thu Sep 19 2024 23:15:31 GMT+0530 (India Standard Time)
[debug] [2024-09-19T17:45:31.937Z] ----------------------------------------------------------------------
[debug] 
[debug] [2024-09-19T17:45:31.951Z] >>> [apiv2][query] GET https://firebase-public.firebaseio.com/cli.json [none]
[debug] [2024-09-19T17:45:32.049Z] > command requires scopes: ["email","openid","https://www.googleapis.com/auth/cloudplatformprojects.readonly","https://www.googleapis.com/auth/firebase","https://www.googleapis.com/auth/cloud-platform"]
[debug] [2024-09-19T17:45:32.049Z] > authorizing via signed-in user (coffecups786@gmail.com)
[info] 
     ######## #### ########  ######## ########     ###     ######  ########
     ##        ##  ##     ## ##       ##     ##  ##   ##  ##       ##
     ######    ##  ########  ######   ########  #########  ######  ######
     ##        ##  ##    ##  ##       ##     ## ##     ##       ## ##
     ##       #### ##     ## ######## ########  ##     ##  ######  ########

You're about to initialize a Firebase project in this directory:

  C:\Users\azmathulla.shaik\Desktop\Firebase\firebase_crud\frontend

[debug] [2024-09-19T17:45:32.199Z] *** [apiv2] error from fetch(https://firebase-public.firebaseio.com/cli.json, {"headers":{},"method":"GET"}): FetchError: request to https://firebase-public.firebaseio.com/cli.json failed, reason: unable to get local issuer certificate
[warn] !  Unable to fetch the CLI MOTD and remote config. This is not a fatal error, but may indicate an issue with your network connection. 
[debug] [2024-09-19T17:45:32.200Z] Failed to fetch MOTD FirebaseError: Failed to make request to https://firebase-public.firebaseio.com/cli.json
[debug] [2024-09-19T17:47:15.903Z] ----------------------------------------------------------------------
[debug] [2024-09-19T17:47:15.913Z] Command:       C:\Program Files\nodejs\node.exe C:\Users\azmathulla.shaik\AppData\Roaming\npm\node_modules\firebase-tools\lib\bin\firebase.js init
[debug] [2024-09-19T17:47:15.914Z] CLI Version:   13.17.0
[debug] [2024-09-19T17:47:15.914Z] Platform:      win32
[debug] [2024-09-19T17:47:15.914Z] Node Version:  v22.5.1
[debug] [2024-09-19T17:47:15.915Z] Time:          Thu Sep 19 2024 23:17:15 GMT+0530 (India Standard Time)
[debug] [2024-09-19T17:47:15.915Z] ----------------------------------------------------------------------
[debug] 
[debug] [2024-09-19T17:47:15.929Z] >>> [apiv2][query] GET https://firebase-public.firebaseio.com/cli.json [none]
[debug] [2024-09-19T17:47:16.092Z] > command requires scopes: ["email","openid","https://www.googleapis.com/auth/cloudplatformprojects.readonly","https://www.googleapis.com/auth/firebase","https://www.googleapis.com/auth/cloud-platform"]
[debug] [2024-09-19T17:47:16.093Z] > authorizing via signed-in user (coffecups786@gmail.com)
[info] 
     ######## #### ########  ######## ########     ###     ######  ########
     ##        ##  ##     ## ##       ##     ##  ##   ##  ##       ##
     ######    ##  ########  ######   ########  #########  ######  ######
     ##        ##  ##    ##  ##       ##     ## ##     ##       ## ##
     ##       #### ##     ## ######## ########  ##     ##  ######  ########

You're about to initialize a Firebase project in this directory:

  C:\Users\azmathulla.shaik\Desktop\Firebase\firebase_crud\frontend

[debug] [2024-09-19T17:47:16.763Z] *** [apiv2] error from fetch(https://firebase-public.firebaseio.com/cli.json, {"headers":{},"method":"GET"}): FetchError: request to https://firebase-public.firebaseio.com/cli.json failed, reason: unable to get local issuer certificate
[warn] !  Unable to fetch the CLI MOTD and remote config. This is not a fatal error, but may indicate an issue with your network connection. 
[debug] [2024-09-19T17:47:16.765Z] Failed to fetch MOTD FirebaseError: Failed to make request to https://firebase-public.firebaseio.com/cli.json
[info] 
=== Account Setup
[info] 
[info] Which account do you want to use for this project? Choose an account or add a new one now
[info] 
[debug] [2024-09-19T17:47:30.938Z] setProjectAccount(C:\Users\azmathulla.shaik\Desktop\Firebase\firebase_crud\frontend, projectpilots3@gmail.com)
[info] 
[info] +  Using account: projectpilots3@gmail.com 
[info] 
=== Project Setup
[info] 
[info] First, let's associate this project directory with a Firebase project.
[info] You can create multiple project aliases by running firebase use --add, 
[info] but for now we'll just set up a default project.
[info] 
[info] i  If you want to create a project in a Google Cloud organization or folder, please use "firebase projects:create" instead, and return to this command when you've created the project. 
[debug] [2024-09-19T17:48:05.065Z] > refreshing access token with scopes: []
[debug] [2024-09-19T17:48:05.070Z] >>> [apiv2][query] POST https://www.googleapis.com/oauth2/v3/token [none]
[debug] [2024-09-19T17:48:05.071Z] >>> [apiv2][body] POST https://www.googleapis.com/oauth2/v3/token [omitted]
[debug] [2024-09-19T17:48:05.247Z] *** [apiv2] error from fetch(https://www.googleapis.com/oauth2/v3/token, {"headers":{},"method":"POST","body":{"_overheadLength":545,"_valueLength":212,"_valuesToMeasure":[],"writable":false,"readable":true,"dataSize":0,"maxDataSize":2097152,"pauseStreams":true,"_released":true,"_streams":[],"_currentStream":null,"_insideLoop":false,"_pendingNext":false,"_boundary":"--------------------------423847593000287668503492","_events":{},"_eventsCount":1}}): FetchError: request to https://www.googleapis.com/oauth2/v3/token failed, reason: unable to get local issuer certificate
[debug] [2024-09-19T17:48:05.410Z] FirebaseError: Authentication Error: Your credentials are no longer valid. Please run firebase login --reauth

For CI servers and headless environments, generate a new token with firebase login:ci
    at invalidCredentialError (C:\Users\azmathulla.shaik\AppData\Roaming\npm\node_modules\firebase-tools\lib\auth.js:140:12)
    at refreshTokens (C:\Users\azmathulla.shaik\AppData\Roaming\npm\node_modules\firebase-tools\lib\auth.js:514:15)
    at process.processTicksAndRejections (node:internal/process/task_queues:95:5)
    at async getAccessToken (C:\Users\azmathulla.shaik\AppData\Roaming\npm\node_modules\firebase-tools\lib\apiv2.js:40:18)
    at async Client.addAuthHeader (C:\Users\azmathulla.shaik\AppData\Roaming\npm\node_modules\firebase-tools\lib\apiv2.js:167:21)
    at async Client.request (C:\Users\azmathulla.shaik\AppData\Roaming\npm\node_modules\firebase-tools\lib\apiv2.js:118:34)
    at async createCloudProject (C:\Users\azmathulla.shaik\AppData\Roaming\npm\node_modules\firebase-tools\lib\management\projects.js:180:26)
    at async createFirebaseProjectAndLog (C:\Users\azmathulla.shaik\AppData\Roaming\npm\node_modules\firebase-tools\lib\management\projects.js:45:9)
    at async promptAndCreateNewProject (C:\Users\azmathulla.shaik\AppData\Roaming\npm\node_modules\firebase-tools\lib\init\features\project.js:32:12)
    at async doSetup (C:\Users\azmathulla.shaik\AppData\Roaming\npm\node_modules\firebase-tools\lib\init\features\project.js:88:27)
[error] 
[error] Error: Failed to create project. See firebase-debug.log for more info.
